<?xml version="1.0" encoding="UTF-8"?>
<testng-results ignored="0" total="2" passed="2" failed="0" skipped="0">
  <reporter-output>
  </reporter-output>
  <suite started-at="2023-12-05T11:36:07 IST" name="Suite" finished-at="2023-12-05T11:36:14 IST" duration-ms="7871">
    <groups>
    </groups>
    <test started-at="2023-12-05T11:36:07 IST" name="Test" finished-at="2023-12-05T11:36:14 IST" duration-ms="7871">
      <class name="baseDemo.FirstDemo">
        <test-method is-config="true" signature="setUp()[pri:0, instance:baseDemo.FirstDemo@36916eb0]" started-at="2023-12-05T11:36:07 IST" name="setUp" finished-at="2023-12-05T11:36:14 IST" duration-ms="7610" status="PASS">
          <reporter-output>
          </reporter-output>
        </test-method> <!-- setUp -->
        <test-method signature="TC_001_getTitle()[pri:1, instance:baseDemo.FirstDemo@36916eb0]" started-at="2023-12-05T11:36:14 IST" name="TC_001_getTitle" finished-at="2023-12-05T11:36:14 IST" duration-ms="15" status="PASS">
          <reporter-output>
          </reporter-output>
        </test-method> <!-- TC_001_getTitle -->
        <test-method signature="TC_002_getCurrentUrl()[pri:2, instance:baseDemo.FirstDemo@36916eb0]" started-at="2023-12-05T11:36:14 IST" name="TC_002_getCurrentUrl" finished-at="2023-12-05T11:36:14 IST" duration-ms="9" status="PASS">
          <reporter-output>
          </reporter-output>
        </test-method> <!-- TC_002_getCurrentUrl -->
        <test-method is-config="true" signature="tearDown()[pri:0, instance:baseDemo.FirstDemo@36916eb0]" started-at="2023-12-05T11:36:14 IST" name="tearDown" finished-at="2023-12-05T11:36:14 IST" duration-ms="205" status="PASS">
          <reporter-output>
          </reporter-output>
        </test-method> <!-- tearDown -->
      </class> <!-- baseDemo.FirstDemo -->
    </test> <!-- Test -->
  </suite> <!-- Suite -->
</testng-results>
