<?xml version="1.0" encoding="UTF-8"?>
<testng-results ignored="0" total="1" passed="1" failed="0" skipped="0">
  <reporter-output>
  </reporter-output>
  <suite started-at="2023-12-05T11:08:33 IST" name="Suite" finished-at="2023-12-05T11:08:37 IST" duration-ms="4430">
    <groups>
    </groups>
    <test started-at="2023-12-05T11:08:33 IST" name="Test" finished-at="2023-12-05T11:08:37 IST" duration-ms="4430">
      <class name="baseDemo.FirstDemo">
        <test-method is-config="true" signature="setUp()[pri:0, instance:baseDemo.FirstDemo@41fbdac4]" started-at="2023-12-05T11:08:33 IST" name="setUp" finished-at="2023-12-05T11:08:37 IST" duration-ms="4218" status="PASS">
          <reporter-output>
          </reporter-output>
        </test-method> <!-- setUp -->
        <test-method signature="TC_001_getTitle()[pri:1, instance:baseDemo.FirstDemo@41fbdac4]" started-at="2023-12-05T11:08:37 IST" name="TC_001_getTitle" finished-at="2023-12-05T11:08:37 IST" duration-ms="17" status="PASS">
          <reporter-output>
          </reporter-output>
        </test-method> <!-- TC_001_getTitle -->
        <test-method is-config="true" signature="tearDown()[pri:0, instance:baseDemo.FirstDemo@41fbdac4]" started-at="2023-12-05T11:08:37 IST" name="tearDown" finished-at="2023-12-05T11:08:37 IST" duration-ms="154" status="PASS">
          <reporter-output>
          </reporter-output>
        </test-method> <!-- tearDown -->
      </class> <!-- baseDemo.FirstDemo -->
    </test> <!-- Test -->
  </suite> <!-- Suite -->
</testng-results>
