<?xml version="1.0" encoding="UTF-8"?>
<testng-results ignored="0" total="1" passed="1" failed="0" skipped="0">
  <reporter-output>
  </reporter-output>
  <suite started-at="2023-12-05T11:03:33 IST" name="Suite" finished-at="2023-12-05T11:03:39 IST" duration-ms="6599">
    <groups>
    </groups>
    <test started-at="2023-12-05T11:03:33 IST" name="Test" finished-at="2023-12-05T11:03:39 IST" duration-ms="6599">
      <class name="baseDemo.FirstDemo">
        <test-method is-config="true" signature="setUp()[pri:0, instance:baseDemo.FirstDemo@51c668e3]" started-at="2023-12-05T11:03:33 IST" name="setUp" finished-at="2023-12-05T11:03:39 IST" duration-ms="6525" status="PASS">
          <reporter-output>
          </reporter-output>
        </test-method> <!-- setUp -->
        <test-method signature="TC_001_getTitle()[pri:1, instance:baseDemo.FirstDemo@51c668e3]" started-at="2023-12-05T11:03:39 IST" name="TC_001_getTitle" finished-at="2023-12-05T11:03:39 IST" duration-ms="21" status="PASS">
          <reporter-output>
          </reporter-output>
        </test-method> <!-- TC_001_getTitle -->
      </class> <!-- baseDemo.FirstDemo -->
    </test> <!-- Test -->
  </suite> <!-- Suite -->
</testng-results>
